[2026-02-18 02:55:36] Login attempt for email: baidoob7525@gmail.com
[2026-02-18 02:55:36] User found - ID: 1, Email: baidoob7525@gmail.com
[2026-02-18 02:55:36] Input password length: 10
[2026-02-18 02:55:36] Stored hash: $2y$10$/EkHrSfdqQC.dJoUEO/LGe9JXV6eymIDOhTqSubm5T14B14tntN02
[2026-02-18 02:55:37] Password verification: FAILED
[2026-02-18 02:55:37] All password verification attempts failed
[2026-02-18 02:57:17] Login attempt for email: baidoob7525@gmail.com
[2026-02-18 02:57:17] User found - ID: 1, Email: baidoob7525@gmail.com
[2026-02-18 02:57:17] Input password length: 11
[2026-02-18 02:57:17] Stored hash: $2y$10$micOaXVD0wOu/L.XXNv/xeWVvNiwpj6L49u1ed9lYXkCc3puK2gEa
[2026-02-18 02:57:17] Password verification: FAILED
[2026-02-18 02:57:17] All password verification attempts failed
[2026-02-18 02:58:25] Login attempt for: baidoob7525@gmail.com
[2026-02-18 02:58:25] User found - ID: 1, Email: baidoob7525@gmail.com
[2026-02-18 02:58:26] Password verification: FAILED
[2026-02-18 02:58:26] Input password: 0**********
[2026-02-18 02:58:26] Stored hash: $2y$10$mic...
[2026-02-18 02:58:26] All password verification attempts failed
[2026-02-18 02:58:33] Login attempt for: baidoob7525@gmail.com
[2026-02-18 02:58:33] User found - ID: 1, Email: baidoob7525@gmail.com
[2026-02-18 02:58:33] Password verification: FAILED
[2026-02-18 02:58:33] Input password: 0**********
[2026-02-18 02:58:33] Stored hash: $2y$10$mic...
[2026-02-18 02:58:33] All password verification attempts failed
[2026-02-18 02:58:43] Login attempt for: baidoob7525@gmail.com
[2026-02-18 02:58:43] User found - ID: 1, Email: baidoob7525@gmail.com
[2026-02-18 02:58:44] Password verification: SUCCESS
[2026-02-18 02:58:44] Input password: 0*********
[2026-02-18 02:58:44] Stored hash: $2y$10$mic...
[2026-02-18 03:02:01] Login attempt for: baidoob7525@gmail.com
[2026-02-18 03:05:11] Login attempt for: baidoob7525@gmail.com
[2026-02-18 03:09:29] Login attempt for: baidoob7525@gmail.com
[2026-02-18 03:11:19] Login attempt for: baidoob7525@gmail.com
[2026-02-18 03:15:30] Login attempt for: marwolf423@gmail.com
[2026-02-18 03:15:30] Password verification failed for user: marwolf423@gmail.com
[2026-02-18 03:15:42] Login attempt for: marwolf423@gmail.com
[2026-02-18 03:15:42] Password verification failed for user: marwolf423@gmail.com
[2026-02-18 03:18:35] Login attempt for: marwolf423@gmail.com
[2026-02-18 04:37:51] Login attempt for: baidoob7525@gmail.com
[2026-02-18 04:50:00] Login attempt for: baidoob7525@gmail.com
[2026-02-18 14:08:25] Login attempt for: ypee_baakop3@icloud.com
[2026-02-18 14:41:22] Login attempt for: baidoob7525@gmail.com
[2026-02-18 15:58:46] Login attempt for: baidoob7525@gmail.com
[2026-02-18 20:57:42] Login attempt for: baidoob7525@gmail.com
[2026-02-18 20:59:10] Login attempt for: ypee_baakop3@icloud.com
